1623867957446	geckodriver	INFO	Listening on 127.0.0.1:60563
1623868277094	geckodriver	INFO	Listening on 127.0.0.1:58467
1623868755604	geckodriver	INFO	Listening on 127.0.0.1:41879
1623868755646	mozrunner::runner	INFO	Running command: "/nix/store/bghnsm675yh4w0fzbn7n6l6fpq1jhs4y-firefox-89.0/bin/firefox" "--marionette" "-foreground" "-no-remote" "-profile" "/tmp/nix-shell.X5xYwO/rust_mozprofilefxtgkn"
1623868757468	Marionette	INFO	Marionette enabled
console.warn: SearchSettings: "get: No settings file exists, new profile?" (new NotFoundError("Could not open the file at /tmp/nix-shell.X5xYwO/rust_mozprofilefxtgkn/search.json.mozlz4", (void 0)))
1623868764132	Marionette	INFO	Listening on port 40419
1623868764283	Marionette	WARN	TLS certificate errors will be ignored for this session
JavaScript error: resource://gre/actors/AutoCompleteChild.jsm, line 125: Error: Invalid autocomplete selectedIndex
1623868769702	Marionette	INFO	Stopped listening on port 40419
1623869816483	geckodriver	INFO	Listening on 127.0.0.1:39711
1623869816514	mozrunner::runner	INFO	Running command: "/nix/store/bghnsm675yh4w0fzbn7n6l6fpq1jhs4y-firefox-89.0/bin/firefox" "--marionette" "-foreground" "-no-remote" "-profile" "/tmp/nix-shell.Yti8JZ/rust_mozprofileMeZgXi"
1623869818319	Marionette	INFO	Marionette enabled
console.warn: SearchSettings: "get: No settings file exists, new profile?" (new NotFoundError("Could not open the file at /tmp/nix-shell.Yti8JZ/rust_mozprofileMeZgXi/search.json.mozlz4", (void 0)))
1623869823918	Marionette	INFO	Listening on port 34649
1623869824074	Marionette	WARN	TLS certificate errors will be ignored for this session
JavaScript error: resource://gre/actors/AutoCompleteChild.jsm, line 125: Error: Invalid autocomplete selectedIndex
1623869828208	Marionette	INFO	Stopped listening on port 34649

###!!! [Parent][RunMessage] Error: Channel closing: too late to send/recv, messages will be lost

1623869962678	geckodriver	INFO	Listening on 127.0.0.1:41985
1623869962721	mozrunner::runner	INFO	Running command: "/nix/store/bghnsm675yh4w0fzbn7n6l6fpq1jhs4y-firefox-89.0/bin/firefox" "--marionette" "-foreground" "-no-remote" "-profile" "/tmp/nix-shell.Yti8JZ/rust_mozprofileNUUZEW"
1623869964435	Marionette	INFO	Marionette enabled
console.warn: SearchSettings: "get: No settings file exists, new profile?" (new NotFoundError("Could not open the file at /tmp/nix-shell.Yti8JZ/rust_mozprofileNUUZEW/search.json.mozlz4", (void 0)))
1623869969919	Marionette	INFO	Listening on port 45117
1623869970032	Marionette	WARN	TLS certificate errors will be ignored for this session
JavaScript error: resource://gre/actors/AutoCompleteChild.jsm, line 125: Error: Invalid autocomplete selectedIndex
1623869975956	Marionette	INFO	Stopped listening on port 45117
1623870000443	geckodriver	INFO	Listening on 127.0.0.1:46725
1623870000485	mozrunner::runner	INFO	Running command: "/nix/store/bghnsm675yh4w0fzbn7n6l6fpq1jhs4y-firefox-89.0/bin/firefox" "--marionette" "-foreground" "-no-remote" "-profile" "/tmp/nix-shell.Yti8JZ/rust_mozprofileCECap1"
1623870002316	Marionette	INFO	Marionette enabled
console.warn: SearchSettings: "get: No settings file exists, new profile?" (new NotFoundError("Could not open the file at /tmp/nix-shell.Yti8JZ/rust_mozprofileCECap1/search.json.mozlz4", (void 0)))
1623870007894	Marionette	INFO	Listening on port 35011
1623870008000	Marionette	WARN	TLS certificate errors will be ignored for this session
JavaScript error: resource://gre/actors/AutoCompleteChild.jsm, line 125: Error: Invalid autocomplete selectedIndex
1623870013638	Marionette	INFO	Stopped listening on port 35011

###!!! [Parent][RunMessage] Error: Channel closing: too late to send/recv, messages will be lost

1623870886534	geckodriver	INFO	Listening on 127.0.0.1:57147
1623870886569	mozrunner::runner	INFO	Running command: "/nix/store/bghnsm675yh4w0fzbn7n6l6fpq1jhs4y-firefox-89.0/bin/firefox" "--marionette" "-foreground" "-no-remote" "-profile" "/tmp/nix-shell.GGPGPX/rust_mozprofilevsJXTU"
1623870888917	Marionette	INFO	Marionette enabled
console.warn: SearchSettings: "get: No settings file exists, new profile?" (new NotFoundError("Could not open the file at /tmp/nix-shell.GGPGPX/rust_mozprofilevsJXTU/search.json.mozlz4", (void 0)))
1623870894775	Marionette	INFO	Listening on port 38457
1623870894889	Marionette	WARN	TLS certificate errors will be ignored for this session
JavaScript error: resource://gre/actors/AutoCompleteChild.jsm, line 125: Error: Invalid autocomplete selectedIndex
1623870902724	Marionette	INFO	Stopped listening on port 38457

###!!! [Parent][RunMessage] Error: Channel closing: too late to send/recv, messages will be lost

1623871010226	geckodriver	INFO	Listening on 127.0.0.1:37453
1623871010268	mozrunner::runner	INFO	Running command: "/nix/store/bghnsm675yh4w0fzbn7n6l6fpq1jhs4y-firefox-89.0/bin/firefox" "--marionette" "-foreground" "-no-remote" "-profile" "/tmp/nix-shell.GGPGPX/rust_mozprofilePrfmjv"
1623871011954	Marionette	INFO	Marionette enabled
console.warn: SearchSettings: "get: No settings file exists, new profile?" (new NotFoundError("Could not open the file at /tmp/nix-shell.GGPGPX/rust_mozprofilePrfmjv/search.json.mozlz4", (void 0)))
1623871017389	Marionette	INFO	Listening on port 35507
1623871017483	Marionette	WARN	TLS certificate errors will be ignored for this session
JavaScript error: resource://gre/actors/AutoCompleteChild.jsm, line 125: Error: Invalid autocomplete selectedIndex
1623871026890	Marionette	INFO	Stopped listening on port 35507
1623871041684	geckodriver	INFO	Listening on 127.0.0.1:50985
1623871041725	mozrunner::runner	INFO	Running command: "/nix/store/bghnsm675yh4w0fzbn7n6l6fpq1jhs4y-firefox-89.0/bin/firefox" "--marionette" "-foreground" "-no-remote" "-profile" "/tmp/nix-shell.GGPGPX/rust_mozprofileo3htFX"
1623871043419	Marionette	INFO	Marionette enabled
console.warn: SearchSettings: "get: No settings file exists, new profile?" (new NotFoundError("Could not open the file at /tmp/nix-shell.GGPGPX/rust_mozprofileo3htFX/search.json.mozlz4", (void 0)))
1623871048900	Marionette	INFO	Listening on port 43681
1623871049052	Marionette	WARN	TLS certificate errors will be ignored for this session
JavaScript error: resource://gre/actors/AutoCompleteChild.jsm, line 125: Error: Invalid autocomplete selectedIndex
1623871073350	Marionette	INFO	Stopped listening on port 43681

###!!! [Parent][RunMessage] Error: Channel closing: too late to send/recv, messages will be lost

1623871212593	geckodriver	INFO	Listening on 127.0.0.1:42829
1623871212634	mozrunner::runner	INFO	Running command: "/nix/store/bghnsm675yh4w0fzbn7n6l6fpq1jhs4y-firefox-89.0/bin/firefox" "--marionette" "-foreground" "-no-remote" "-profile" "/tmp/nix-shell.GGPGPX/rust_mozprofileAbpHWk"
1623871214337	Marionette	INFO	Marionette enabled
console.warn: SearchSettings: "get: No settings file exists, new profile?" (new NotFoundError("Could not open the file at /tmp/nix-shell.GGPGPX/rust_mozprofileAbpHWk/search.json.mozlz4", (void 0)))
1623871219813	Marionette	INFO	Listening on port 43047
1623871220002	Marionette	WARN	TLS certificate errors will be ignored for this session
JavaScript error: resource://gre/actors/AutoCompleteChild.jsm, line 125: Error: Invalid autocomplete selectedIndex
JavaScript error: https://platform.twitter.com/widgets/widget_iframe.06c6ee58c3810956b7509218508c7b56.html?origin=https%3A%2F%2Fwww.python.org, line 18: Error: Network error.
1623871244766	Marionette	INFO	Stopped listening on port 43047

###!!! [Parent][RunMessage] Error: Channel closing: too late to send/recv, messages will be lost

1623871392327	geckodriver	INFO	Listening on 127.0.0.1:60199
1623871392369	mozrunner::runner	INFO	Running command: "/nix/store/bghnsm675yh4w0fzbn7n6l6fpq1jhs4y-firefox-89.0/bin/firefox" "--marionette" "-foreground" "-no-remote" "-profile" "/tmp/nix-shell.GGPGPX/rust_mozprofiledLubDr"
1623871394085	Marionette	INFO	Marionette enabled
console.warn: SearchSettings: "get: No settings file exists, new profile?" (new NotFoundError("Could not open the file at /tmp/nix-shell.GGPGPX/rust_mozprofiledLubDr/search.json.mozlz4", (void 0)))
1623871399451	Marionette	INFO	Listening on port 46433
1623871399584	Marionette	WARN	TLS certificate errors will be ignored for this session
JavaScript error: resource://gre/actors/AutoCompleteChild.jsm, line 125: Error: Invalid autocomplete selectedIndex
1623871406451	Marionette	INFO	Stopped listening on port 46433

###!!! [Parent][RunMessage] Error: Channel closing: too late to send/recv, messages will be lost

